<?xml version="1.0" encoding="UTF-8"?>
<!-- Generated by org.testng.reporters.JUnitReportReporter -->
<testsuite name="com.Pages.AnyAut_orange.homepage.TC002_VerifyLoginWithInvalidData" tests="1" time="10.268" ignored="0" failures="0" timestamp="20 Oct 2017 20:34:39 GMT" skipped="0" hostname="Shawon-PC" errors="0">
  <testcase name="verifyLoginWithInvalidData" time="10.268" classname="com.Pages.AnyAut_orange.homepage.TC002_VerifyLoginWithInvalidData"/>
</testsuite> <!-- com.Pages.AnyAut_orange.homepage.TC002_VerifyLoginWithInvalidData -->
