<?xml version="1.0" encoding="UTF-8"?>
<!-- Generated by org.testng.reporters.JUnitReportReporter -->
<testsuite name="com.Pages.AnyAut_orange.homepage.TC001_VerifyCreateUserAccount" tests="1" time="36.756" ignored="0" failures="0" timestamp="24 Oct 2017 18:00:03 GMT" skipped="0" hostname="Shawon-PC" errors="0">
  <testcase name="testCreateAccount" time="36.756" classname="com.Pages.AnyAut_orange.homepage.TC001_VerifyCreateUserAccount"/>
</testsuite> <!-- com.Pages.AnyAut_orange.homepage.TC001_VerifyCreateUserAccount -->
