<?xml version="1.0" encoding="UTF-8"?>
<!-- Generated by org.testng.reporters.JUnitReportReporter -->
<testsuite name="com.Pages.AnyAut_orange.homepage.TC001_VerifyLoginWithInvalidData" tests="1" time="9.350" ignored="0" failures="0" timestamp="18 Oct 2017 04:29:26 GMT" skipped="0" hostname="Shawon-PC" errors="0">
  <testcase name="verifyLoginWithInvalidData" time="9.350" classname="com.Pages.AnyAut_orange.homepage.TC001_VerifyLoginWithInvalidData"/>
</testsuite> <!-- com.Pages.AnyAut_orange.homepage.TC001_VerifyLoginWithInvalidData -->
