<?xml version="1.0" encoding="UTF-8"?>
<!-- Generated by org.testng.reporters.JUnitReportReporter -->
<testsuite name="com.Pages.AnyAut_orange.homepage.TC002_VerifyLoginWithValidData" tests="1" time="33.446" ignored="0" failures="0" timestamp="22 Nov 2017 14:07:05 GMT" skipped="0" hostname="Shawon-PC" errors="0">
  <testcase name="testValidLogin" time="33.446" classname="com.Pages.AnyAut_orange.homepage.TC002_VerifyLoginWithValidData"/>
</testsuite> <!-- com.Pages.AnyAut_orange.homepage.TC002_VerifyLoginWithValidData -->
