<?xml version="1.0" encoding="UTF-8"?>
<!-- Generated by org.testng.reporters.JUnitReportReporter -->
<testsuite name="com.Pages.AnyAut_orange.homepage.VerifyLoginWithDifferentData" tests="5" time="31.463" ignored="0" failures="0" timestamp="07 Nov 2017 03:31:09 GMT" skipped="3" hostname="Shawon-PC" errors="0">
  <testcase name="testValidLogin" time="8.855" classname="com.Pages.AnyAut_orange.homepage.VerifyLoginWithDifferentData"/>
  <testcase name="testValidLogin" time="0.002" classname="com.Pages.AnyAut_orange.homepage.VerifyLoginWithDifferentData">
    <skipped/>
  </testcase> <!-- testValidLogin -->
  <testcase name="testValidLogin" time="0.001" classname="com.Pages.AnyAut_orange.homepage.VerifyLoginWithDifferentData">
    <skipped/>
  </testcase> <!-- testValidLogin -->
  <testcase name="testValidLogin" time="0.001" classname="com.Pages.AnyAut_orange.homepage.VerifyLoginWithDifferentData">
    <skipped/>
  </testcase> <!-- testValidLogin -->
  <testcase name="testValidLogin" time="22.604" classname="com.Pages.AnyAut_orange.homepage.VerifyLoginWithDifferentData"/>
</testsuite> <!-- com.Pages.AnyAut_orange.homepage.VerifyLoginWithDifferentData -->
