<?xml version="1.0" encoding="UTF-8"?>
<!-- Generated by org.testng.reporters.JUnitReportReporter -->
<testsuite name="com.Pages.AnyAut_orange.homepage.TC003_VerifyLoginWithInvalidData" tests="1" time="8.587" ignored="0" failures="0" timestamp="22 Nov 2017 17:13:44 GMT" skipped="0" hostname="Shawon-PC" errors="0">
  <testcase name="verifyLoginWithInvalidData" time="8.587" classname="com.Pages.AnyAut_orange.homepage.TC003_VerifyLoginWithInvalidData"/>
</testsuite> <!-- com.Pages.AnyAut_orange.homepage.TC003_VerifyLoginWithInvalidData -->
